  Entity.cpp
c:\workspace\jean\hae_jean_gp2\mt_case ai\app\entity.hpp(53): warning C4305: 'initialisation' : troncation de 'double' à 'float'
c:\workspace\jean\hae_jean_gp2\mt_case ai\app\entity.hpp(69): warning C4305: '=' : troncation de 'double' à 'float'
c:\workspace\jean\hae_jean_gp2\mt_case ai\app\entity.hpp(85): warning C4305: '=' : troncation de 'double' à 'float'
c:\workspace\jean\hae_jean_gp2\mt_case ai\app\entity.hpp(101): warning C4305: '=' : troncation de 'double' à 'float'
c:\workspace\jean\hae_jean_gp2\mt_case ai\app\entity.hpp(117): warning C4305: '=' : troncation de 'double' à 'float'
c:\workspace\jean\hae_jean_gp2\mt_case ai\app\fadingparticle.h(18): warning C4244: 'argument' : conversion de 'double' en 'T', perte possible de données
          with
          [
              T=float
          ]
c:\workspace\jean\hae_jean_gp2\mt_case ai\app\entity.cpp(47): warning C4244: '=' : conversion de 'double' en 'float', perte possible de données
c:\workspace\jean\hae_jean_gp2\mt_case ai\app\entity.cpp(48): warning C4305: '=' : troncation de 'double' à 'float'
c:\workspace\jean\hae_jean_gp2\mt_case ai\app\entity.cpp(59): warning C4244: '=' : conversion de 'double' en 'float', perte possible de données
c:\workspace\jean\hae_jean_gp2\mt_case ai\app\entity.cpp(60): warning C4305: '=' : troncation de 'double' à 'float'
c:\workspace\jean\hae_jean_gp2\mt_case ai\app\entity.cpp(70): warning C4244: '=' : conversion de 'double' en 'float', perte possible de données
c:\workspace\jean\hae_jean_gp2\mt_case ai\app\entity.cpp(70): warning C4305: '=' : troncation de 'double' à 'float'
c:\workspace\jean\hae_jean_gp2\mt_case ai\app\entity.cpp(80): warning C4244: '=' : conversion de 'double' en 'float', perte possible de données
c:\workspace\jean\hae_jean_gp2\mt_case ai\app\entity.cpp(80): warning C4305: '=' : troncation de 'double' à 'float'
c:\workspace\jean\hae_jean_gp2\mt_case ai\app\entity.cpp(85): warning C4305: '*=' : troncation de 'double' à 'float'
c:\workspace\jean\hae_jean_gp2\mt_case ai\app\entity.cpp(86): warning C4305: '*=' : troncation de 'double' à 'float'
c:\workspace\jean\hae_jean_gp2\mt_case ai\app\entity.cpp(101): warning C4244: 'initialisation' : conversion de 'double' en 'float', perte possible de données
c:\workspace\jean\hae_jean_gp2\mt_case ai\app\entity.cpp(156): warning C4065: l'instruction switch contient 'default' mais aucune étiquette 'case'
c:\workspace\jean\hae_jean_gp2\mt_case ai\app\entity.cpp(162): warning C4065: l'instruction switch contient 'default' mais aucune étiquette 'case'
c:\workspace\jean\hae_jean_gp2\mt_case ai\app\entity.cpp(195): warning C4715: 'Entity::getStateName' : les chemins de contrôle ne retournent pas tous une valeur
  App.vcxproj -> C:\WORKSPACE\Jean\hae_Jean_gp2\mt_case ai\App\Debug\App.exe
