  ConsoleApplication1.cpp
d:\repo\hae_jean_gp2\cours5 box2d\consoleapplication1\collider.hpp(27): warning C4244: 'argument' : conversion de 'T' en 'T', perte possible de données
          with
          [
              T=float
          ]
          and
          [
              T=int
          ]
d:\repo\hae_jean_gp2\cours5 box2d\consoleapplication1\collider.hpp(28): warning C4244: 'argument' : conversion de 'double' en 'T', perte possible de données
          with
          [
              T=int
          ]
d:\repo\hae_jean_gp2\cours5 box2d\consoleapplication1\collider.hpp(29): warning C4244: 'argument' : conversion de 'T' en 'T', perte possible de données
          with
          [
              T=float
          ]
          and
          [
              T=int
          ]
d:\repo\hae_jean_gp2\cours5 box2d\consoleapplication1\collider.hpp(30): warning C4244: 'argument' : conversion de 'double' en 'T', perte possible de données
          with
          [
              T=int
          ]
d:\repo\hae_jean_gp2\cours5 box2d\consoleapplication1\collider.hpp(31): warning C4244: 'argument' : conversion de 'T' en 'T', perte possible de données
          with
          [
              T=float
          ]
          and
          [
              T=int
          ]
d:\repo\hae_jean_gp2\cours5 box2d\consoleapplication1\collider.hpp(32): warning C4244: 'argument' : conversion de 'double' en 'T', perte possible de données
          with
          [
              T=int
          ]
d:\repo\hae_jean_gp2\cours5 box2d\consoleapplication1\collider.hpp(33): warning C4244: 'argument' : conversion de 'T' en 'T', perte possible de données
          with
          [
              T=float
          ]
          and
          [
              T=int
          ]
d:\repo\hae_jean_gp2\cours5 box2d\consoleapplication1\collider.hpp(34): warning C4244: 'argument' : conversion de 'double' en 'T', perte possible de données
          with
          [
              T=int
          ]
d:\repo\hae_jean_gp2\cours5 box2d\consoleapplication1\collider.hpp(36): warning C4244: 'argument' : conversion de 'T' en 'T', perte possible de données
          with
          [
              T=float
          ]
          and
          [
              T=int
          ]
d:\repo\hae_jean_gp2\cours5 box2d\consoleapplication1\collider.hpp(36): warning C4244: 'argument' : conversion de 'double' en 'T', perte possible de données
          with
          [
              T=int
          ]
d:\repo\hae_jean_gp2\cours5 box2d\consoleapplication1\collider.hpp(37): warning C4244: 'argument' : conversion de 'double' en 'T', perte possible de données
          with
          [
              T=int
          ]
d:\repo\hae_jean_gp2\cours5 box2d\consoleapplication1\collider.hpp(37): warning C4244: 'argument' : conversion de 'T' en 'T', perte possible de données
          with
          [
              T=float
          ]
          and
          [
              T=int
          ]
d:\repo\hae_jean_gp2\cours5 box2d\consoleapplication1\collider.hpp(38): warning C4244: 'argument' : conversion de 'T' en 'T', perte possible de données
          with
          [
              T=float
          ]
          and
          [
              T=int
          ]
d:\repo\hae_jean_gp2\cours5 box2d\consoleapplication1\collider.hpp(38): warning C4244: 'argument' : conversion de 'double' en 'T', perte possible de données
          with
          [
              T=int
          ]
d:\repo\hae_jean_gp2\cours5 box2d\consoleapplication1\collider.hpp(39): warning C4244: 'argument' : conversion de 'double' en 'T', perte possible de données
          with
          [
              T=int
          ]
d:\repo\hae_jean_gp2\cours5 box2d\consoleapplication1\collider.hpp(39): warning C4244: 'argument' : conversion de 'T' en 'T', perte possible de données
          with
          [
              T=float
          ]
          and
          [
              T=int
          ]
d:\repo\hae_jean_gp2\cours5 box2d\consoleapplication1\collider.hpp(40): warning C4244: 'argument' : conversion de 'T' en 'T', perte possible de données
          with
          [
              T=float
          ]
          and
          [
              T=int
          ]
d:\repo\hae_jean_gp2\cours5 box2d\consoleapplication1\collider.hpp(40): warning C4244: 'argument' : conversion de 'double' en 'T', perte possible de données
          with
          [
              T=int
          ]
d:\repo\hae_jean_gp2\cours5 box2d\consoleapplication1\collider.hpp(41): warning C4244: 'argument' : conversion de 'double' en 'T', perte possible de données
          with
          [
              T=int
          ]
d:\repo\hae_jean_gp2\cours5 box2d\consoleapplication1\collider.hpp(41): warning C4244: 'argument' : conversion de 'T' en 'T', perte possible de données
          with
          [
              T=float
          ]
          and
          [
              T=int
          ]
d:\repo\hae_jean_gp2\cours5 box2d\consoleapplication1\collider.hpp(42): warning C4244: 'argument' : conversion de 'T' en 'T', perte possible de données
          with
          [
              T=float
          ]
          and
          [
              T=int
          ]
d:\repo\hae_jean_gp2\cours5 box2d\consoleapplication1\collider.hpp(42): warning C4244: 'argument' : conversion de 'double' en 'T', perte possible de données
          with
          [
              T=int
          ]
d:\repo\hae_jean_gp2\cours5 box2d\consoleapplication1\collider.hpp(43): warning C4244: 'argument' : conversion de 'double' en 'T', perte possible de données
          with
          [
              T=int
          ]
d:\repo\hae_jean_gp2\cours5 box2d\consoleapplication1\collider.hpp(43): warning C4244: 'argument' : conversion de 'T' en 'T', perte possible de données
          with
          [
              T=float
          ]
          and
          [
              T=int
          ]
d:\repo\hae_jean_gp2\cours5 box2d\consoleapplication1\collider.hpp(47): warning C4244: 'argument' : conversion de 'T' en 'T', perte possible de données
          with
          [
              T=float
          ]
          and
          [
              T=int
          ]
d:\repo\hae_jean_gp2\cours5 box2d\consoleapplication1\collider.hpp(48): warning C4244: 'argument' : conversion de 'double' en 'T', perte possible de données
          with
          [
              T=int
          ]
d:\repo\hae_jean_gp2\cours5 box2d\consoleapplication1\collider.hpp(49): warning C4244: 'argument' : conversion de 'T' en 'T', perte possible de données
          with
          [
              T=float
          ]
          and
          [
              T=int
          ]
d:\repo\hae_jean_gp2\cours5 box2d\consoleapplication1\collider.hpp(50): warning C4244: 'argument' : conversion de 'double' en 'T', perte possible de données
          with
          [
              T=int
          ]
d:\repo\hae_jean_gp2\cours5 box2d\consoleapplication1\collider.hpp(51): warning C4244: 'argument' : conversion de 'T' en 'T', perte possible de données
          with
          [
              T=float
          ]
          and
          [
              T=int
          ]
d:\repo\hae_jean_gp2\cours5 box2d\consoleapplication1\collider.hpp(52): warning C4244: 'argument' : conversion de 'double' en 'T', perte possible de données
          with
          [
              T=int
          ]
d:\repo\hae_jean_gp2\cours5 box2d\consoleapplication1\collider.hpp(53): warning C4244: 'argument' : conversion de 'T' en 'T', perte possible de données
          with
          [
              T=float
          ]
          and
          [
              T=int
          ]
d:\repo\hae_jean_gp2\cours5 box2d\consoleapplication1\collider.hpp(54): warning C4244: 'argument' : conversion de 'double' en 'T', perte possible de données
          with
          [
              T=int
          ]
d:\repo\hae_jean_gp2\cours5 box2d\consoleapplication1\collider.hpp(56): warning C4244: 'argument' : conversion de 'T' en 'T', perte possible de données
          with
          [
              T=float
          ]
          and
          [
              T=int
          ]
d:\repo\hae_jean_gp2\cours5 box2d\consoleapplication1\collider.hpp(56): warning C4244: 'argument' : conversion de 'double' en 'T', perte possible de données
          with
          [
              T=int
          ]
d:\repo\hae_jean_gp2\cours5 box2d\consoleapplication1\collider.hpp(57): warning C4244: 'argument' : conversion de 'double' en 'T', perte possible de données
          with
          [
              T=int
          ]
d:\repo\hae_jean_gp2\cours5 box2d\consoleapplication1\collider.hpp(57): warning C4244: 'argument' : conversion de 'T' en 'T', perte possible de données
          with
          [
              T=float
          ]
          and
          [
              T=int
          ]
d:\repo\hae_jean_gp2\cours5 box2d\consoleapplication1\collider.hpp(58): warning C4244: 'argument' : conversion de 'T' en 'T', perte possible de données
          with
          [
              T=float
          ]
          and
          [
              T=int
          ]
d:\repo\hae_jean_gp2\cours5 box2d\consoleapplication1\collider.hpp(58): warning C4244: 'argument' : conversion de 'double' en 'T', perte possible de données
          with
          [
              T=int
          ]
d:\repo\hae_jean_gp2\cours5 box2d\consoleapplication1\collider.hpp(59): warning C4244: 'argument' : conversion de 'double' en 'T', perte possible de données
          with
          [
              T=int
          ]
d:\repo\hae_jean_gp2\cours5 box2d\consoleapplication1\collider.hpp(59): warning C4244: 'argument' : conversion de 'T' en 'T', perte possible de données
          with
          [
              T=float
          ]
          and
          [
              T=int
          ]
d:\repo\hae_jean_gp2\cours5 box2d\consoleapplication1\collider.hpp(60): warning C4244: 'argument' : conversion de 'T' en 'T', perte possible de données
          with
          [
              T=float
          ]
          and
          [
              T=int
          ]
d:\repo\hae_jean_gp2\cours5 box2d\consoleapplication1\collider.hpp(60): warning C4244: 'argument' : conversion de 'double' en 'T', perte possible de données
          with
          [
              T=int
          ]
d:\repo\hae_jean_gp2\cours5 box2d\consoleapplication1\collider.hpp(61): warning C4244: 'argument' : conversion de 'double' en 'T', perte possible de données
          with
          [
              T=int
          ]
d:\repo\hae_jean_gp2\cours5 box2d\consoleapplication1\collider.hpp(61): warning C4244: 'argument' : conversion de 'T' en 'T', perte possible de données
          with
          [
              T=float
          ]
          and
          [
              T=int
          ]
d:\repo\hae_jean_gp2\cours5 box2d\consoleapplication1\collider.hpp(62): warning C4244: 'argument' : conversion de 'T' en 'T', perte possible de données
          with
          [
              T=float
          ]
          and
          [
              T=int
          ]
d:\repo\hae_jean_gp2\cours5 box2d\consoleapplication1\collider.hpp(62): warning C4244: 'argument' : conversion de 'double' en 'T', perte possible de données
          with
          [
              T=int
          ]
d:\repo\hae_jean_gp2\cours5 box2d\consoleapplication1\collider.hpp(63): warning C4244: 'argument' : conversion de 'double' en 'T', perte possible de données
          with
          [
              T=int
          ]
d:\repo\hae_jean_gp2\cours5 box2d\consoleapplication1\collider.hpp(63): warning C4244: 'argument' : conversion de 'T' en 'T', perte possible de données
          with
          [
              T=float
          ]
          and
          [
              T=int
          ]
d:\repo\hae_jean_gp2\cours5 box2d\consoleapplication1\collider.hpp(97): warning C4305: 'initialisation' : troncation de 'double' à 'float'
d:\repo\hae_jean_gp2\cours5 box2d\consoleapplication1\consoleapplication1.cpp(42): warning C4244: 'initialisation' : conversion de 'double' en 'float', perte possible de données
d:\repo\hae_jean_gp2\cours5 box2d\consoleapplication1\consoleapplication1.cpp(48): warning C4244: 'argument' : conversion de 'int' en 'T', perte possible de données
          with
          [
              T=float
          ]
d:\repo\hae_jean_gp2\cours5 box2d\consoleapplication1\consoleapplication1.cpp(49): warning C4244: '=' : conversion de 'T' en 'T', perte possible de données
          with
          [
              T=int
          ]
          and
          [
              T=float
          ]
d:\repo\hae_jean_gp2\cours5 box2d\consoleapplication1\consoleapplication1.cpp(51): warning C4244: '=' : conversion de 'T' en 'T', perte possible de données
          with
          [
              T=int
          ]
          and
          [
              T=float
          ]
d:\repo\hae_jean_gp2\cours5 box2d\consoleapplication1\consoleapplication1.cpp(53): warning C4244: '=' : conversion de 'T' en 'T', perte possible de données
          with
          [
              T=int
          ]
          and
          [
              T=float
          ]
d:\repo\hae_jean_gp2\cours5 box2d\consoleapplication1\consoleapplication1.cpp(55): warning C4244: '=' : conversion de 'T' en 'T', perte possible de données
          with
          [
              T=int
          ]
          and
          [
              T=float
          ]
d:\repo\hae_jean_gp2\cours5 box2d\consoleapplication1\consoleapplication1.cpp(58): warning C4244: '=' : conversion de 'T' en 'T', perte possible de données
          with
          [
              T=int
          ]
          and
          [
              T=float
          ]
d:\repo\hae_jean_gp2\cours5 box2d\consoleapplication1\consoleapplication1.cpp(61): warning C4244: '=' : conversion de 'T' en 'T', perte possible de données
          with
          [
              T=int
          ]
          and
          [
              T=float
          ]
d:\repo\hae_jean_gp2\cours5 box2d\consoleapplication1\consoleapplication1.cpp(64): warning C4244: '=' : conversion de 'T' en 'T', perte possible de données
          with
          [
              T=int
          ]
          and
          [
              T=float
          ]
d:\repo\hae_jean_gp2\cours5 box2d\consoleapplication1\consoleapplication1.cpp(76): warning C4244: 'argument' : conversion de 'double' en 'float', perte possible de données
d:\repo\hae_jean_gp2\cours5 box2d\consoleapplication1\consoleapplication1.cpp(79): warning C4244: 'argument' : conversion de 'double' en 'T', perte possible de données
          with
          [
              T=float
          ]
d:\repo\hae_jean_gp2\cours5 box2d\consoleapplication1\consoleapplication1.cpp(82): warning C4805: '==' : mélange risqué de type 'float' et de type 'bool' dans l'opération
d:\repo\hae_jean_gp2\cours5 box2d\consoleapplication1\consoleapplication1.cpp(86): warning C4244: 'argument' : conversion de 'double' en 'T', perte possible de données
          with
          [
              T=float
          ]
d:\repo\hae_jean_gp2\cours5 box2d\consoleapplication1\consoleapplication1.cpp(143): warning C4244: '+=' : conversion de 'double' en 'float', perte possible de données
d:\repo\hae_jean_gp2\cours5 box2d\consoleapplication1\consoleapplication1.cpp(144): warning C4305: '+=' : troncation de 'double' à 'float'
d:\repo\hae_jean_gp2\cours5 box2d\consoleapplication1\consoleapplication1.cpp(178): warning C4244: 'initialisation' : conversion de 'double' en 'float', perte possible de données
d:\repo\hae_jean_gp2\cours5 box2d\consoleapplication1\consoleapplication1.cpp(186): warning C4552: '+' : résultat de l'expression non utilisé
d:\repo\hae_jean_gp2\cours5 box2d\consoleapplication1\consoleapplication1.cpp(187): warning C4244: 'argument' : conversion de 'double' en 'T', perte possible de données
          with
          [
              T=float
          ]
ConsoleApplication1.obj : error LNK2001: symbole externe non résolu "public: virtual class b2Shape * __thiscall b2PolygonShape::Clone(class b2BlockAllocator *)const " (?Clone@b2PolygonShape@@UBEPAVb2Shape@@PAVb2BlockAllocator@@@Z)
ConsoleApplication1.obj : error LNK2001: symbole externe non résolu "public: virtual int __thiscall b2PolygonShape::GetChildCount(void)const " (?GetChildCount@b2PolygonShape@@UBEHXZ)
ConsoleApplication1.obj : error LNK2019: symbole externe non résolu "public: void __thiscall b2PolygonShape::SetAsBox(float,float)" (?SetAsBox@b2PolygonShape@@QAEXMM@Z) référencé dans la fonction _main
ConsoleApplication1.obj : error LNK2001: symbole externe non résolu "public: virtual bool __thiscall b2PolygonShape::TestPoint(struct b2Transform const &,struct b2Vec2 const &)const " (?TestPoint@b2PolygonShape@@UBE_NABUb2Transform@@ABUb2Vec2@@@Z)
ConsoleApplication1.obj : error LNK2001: symbole externe non résolu "public: virtual bool __thiscall b2PolygonShape::RayCast(struct b2RayCastOutput *,struct b2RayCastInput const &,struct b2Transform const &,int)const " (?RayCast@b2PolygonShape@@UBE_NPAUb2RayCastOutput@@ABUb2RayCastInput@@ABUb2Transform@@H@Z)
ConsoleApplication1.obj : error LNK2001: symbole externe non résolu "public: virtual void __thiscall b2PolygonShape::ComputeAABB(struct b2AABB *,struct b2Transform const &,int)const " (?ComputeAABB@b2PolygonShape@@UBEXPAUb2AABB@@ABUb2Transform@@H@Z)
ConsoleApplication1.obj : error LNK2001: symbole externe non résolu "public: virtual void __thiscall b2PolygonShape::ComputeMass(struct b2MassData *,float)const " (?ComputeMass@b2PolygonShape@@UBEXPAUb2MassData@@M@Z)
D:\Repo\hae_Jean_gp2\cours5 Box2d\ConsoleApplication1\Debug\ConsoleApplication1.exe : fatal error LNK1120: 7 externes non résolus
