  App.cpp
c:\workspace\jean\hae_jean_gp2\mt_case  ai (deprecated)\app\entity.hpp(82): warning C4244: '=' : conversion de 'float' en 'int', perte possible de données
c:\workspace\jean\hae_jean_gp2\mt_case  ai (deprecated)\app\entity.hpp(83): warning C4244: '=' : conversion de 'float' en 'int', perte possible de données
c:\workspace\jean\hae_jean_gp2\mt_case  ai (deprecated)\app\entity.hpp(101): warning C4244: '=' : conversion de 'double' en 'float', perte possible de données
c:\workspace\jean\hae_jean_gp2\mt_case  ai (deprecated)\app\entity.hpp(101): warning C4305: '=' : troncation de 'double' à 'float'
c:\workspace\jean\hae_jean_gp2\mt_case  ai (deprecated)\app\entity.hpp(111): warning C4244: '=' : conversion de 'double' en 'float', perte possible de données
c:\workspace\jean\hae_jean_gp2\mt_case  ai (deprecated)\app\entity.hpp(111): warning C4305: '=' : troncation de 'double' à 'float'
c:\workspace\jean\hae_jean_gp2\mt_case  ai (deprecated)\app\entity.hpp(121): warning C4244: '=' : conversion de 'double' en 'float', perte possible de données
c:\workspace\jean\hae_jean_gp2\mt_case  ai (deprecated)\app\entity.hpp(121): warning C4305: '=' : troncation de 'double' à 'float'
c:\workspace\jean\hae_jean_gp2\mt_case  ai (deprecated)\app\entity.hpp(131): warning C4244: '=' : conversion de 'double' en 'float', perte possible de données
c:\workspace\jean\hae_jean_gp2\mt_case  ai (deprecated)\app\entity.hpp(131): warning C4305: '=' : troncation de 'double' à 'float'
c:\workspace\jean\hae_jean_gp2\mt_case  ai (deprecated)\app\entity.hpp(137): warning C4305: '*=' : troncation de 'double' à 'float'
c:\workspace\jean\hae_jean_gp2\mt_case  ai (deprecated)\app\entity.hpp(138): warning C4305: '*=' : troncation de 'double' à 'float'
c:\workspace\jean\hae_jean_gp2\mt_case  ai (deprecated)\app\entity.hpp(164): warning C4065: l'instruction switch contient 'default' mais aucune étiquette 'case'
c:\workspace\jean\hae_jean_gp2\mt_case  ai (deprecated)\app\entity.hpp(169): warning C4065: l'instruction switch contient 'default' mais aucune étiquette 'case'
c:\workspace\jean\hae_jean_gp2\mt_case  ai (deprecated)\app\fadingparticle.h(18): warning C4244: 'argument' : conversion de 'double' en 'T', perte possible de données
          with
          [
              T=float
          ]
c:\workspace\jean\hae_jean_gp2\mt_case  ai (deprecated)\app\app.cpp(208): warning C4244: 'argument' : conversion de 'double' en 'T', perte possible de données
          with
          [
              T=float
          ]
c:\workspace\jean\hae_jean_gp2\mt_case  ai (deprecated)\app\app.cpp(211): warning C4244: 'argument' : conversion de 'double' en 'float', perte possible de données
c:\workspace\jean\hae_jean_gp2\mt_case  ai (deprecated)\app\app.cpp(212): warning C4244: 'argument' : conversion de 'double' en 'T', perte possible de données
          with
          [
              T=float
          ]
c:\workspace\jean\hae_jean_gp2\mt_case  ai (deprecated)\app\app.cpp(216): warning C4244: 'argument' : conversion de 'double' en 'T', perte possible de données
          with
          [
              T=float
          ]
c:\workspace\jean\hae_jean_gp2\mt_case  ai (deprecated)\app\app.cpp(219): warning C4244: 'argument' : conversion de 'double' en 'float', perte possible de données
c:\workspace\jean\hae_jean_gp2\mt_case  ai (deprecated)\app\app.cpp(220): warning C4244: 'argument' : conversion de 'double' en 'T', perte possible de données
          with
          [
              T=float
          ]
c:\workspace\jean\hae_jean_gp2\mt_case  ai (deprecated)\app\app.cpp(239): warning C4244: 'initialisation' : conversion de 'T' en 'int', perte possible de données
          with
          [
              T=float
          ]
c:\workspace\jean\hae_jean_gp2\mt_case  ai (deprecated)\app\app.cpp(240): warning C4244: 'initialisation' : conversion de 'T' en 'int', perte possible de données
          with
          [
              T=float
          ]
c:\workspace\jean\hae_jean_gp2\mt_case  ai (deprecated)\app\app.cpp(248): warning C4244: 'initialisation' : conversion de 'double' en 'float', perte possible de données
c:\workspace\jean\hae_jean_gp2\mt_case  ai (deprecated)\app\app.cpp(314): warning C4244: 'argument' : conversion de 'double' en 'T', perte possible de données
          with
          [
              T=float
          ]
c:\workspace\jean\hae_jean_gp2\mt_case  ai (deprecated)\app\app.cpp(365): warning C4244: 'argument' : conversion de 'double' en 'T', perte possible de données
          with
          [
              T=float
          ]
c:\workspace\jean\hae_jean_gp2\mt_case  ai (deprecated)\app\app.cpp(371): warning C4244: 'argument' : conversion de 'double' en 'float', perte possible de données
c:\workspace\jean\hae_jean_gp2\mt_case  ai (deprecated)\app\app.cpp(386): warning C4244: 'argument' : conversion de 'double' en 'float', perte possible de données
c:\workspace\jean\hae_jean_gp2\mt_case  ai (deprecated)\app\app.cpp(387): warning C4244: 'argument' : conversion de 'int' en 'T', perte possible de données
          with
          [
              T=float
          ]
c:\workspace\jean\hae_jean_gp2\mt_case  ai (deprecated)\app\app.cpp(400): warning C4244: 'argument' : conversion de 'double' en 'float32', perte possible de données
  Game.cpp
c:\workspace\jean\hae_jean_gp2\mt_case  ai (deprecated)\app\entity.hpp(82): warning C4244: '=' : conversion de 'float' en 'int', perte possible de données
c:\workspace\jean\hae_jean_gp2\mt_case  ai (deprecated)\app\entity.hpp(83): warning C4244: '=' : conversion de 'float' en 'int', perte possible de données
c:\workspace\jean\hae_jean_gp2\mt_case  ai (deprecated)\app\entity.hpp(101): warning C4244: '=' : conversion de 'double' en 'float', perte possible de données
c:\workspace\jean\hae_jean_gp2\mt_case  ai (deprecated)\app\entity.hpp(101): warning C4305: '=' : troncation de 'double' à 'float'
c:\workspace\jean\hae_jean_gp2\mt_case  ai (deprecated)\app\entity.hpp(111): warning C4244: '=' : conversion de 'double' en 'float', perte possible de données
c:\workspace\jean\hae_jean_gp2\mt_case  ai (deprecated)\app\entity.hpp(111): warning C4305: '=' : troncation de 'double' à 'float'
c:\workspace\jean\hae_jean_gp2\mt_case  ai (deprecated)\app\entity.hpp(121): warning C4244: '=' : conversion de 'double' en 'float', perte possible de données
c:\workspace\jean\hae_jean_gp2\mt_case  ai (deprecated)\app\entity.hpp(121): warning C4305: '=' : troncation de 'double' à 'float'
c:\workspace\jean\hae_jean_gp2\mt_case  ai (deprecated)\app\entity.hpp(131): warning C4244: '=' : conversion de 'double' en 'float', perte possible de données
c:\workspace\jean\hae_jean_gp2\mt_case  ai (deprecated)\app\entity.hpp(131): warning C4305: '=' : troncation de 'double' à 'float'
c:\workspace\jean\hae_jean_gp2\mt_case  ai (deprecated)\app\entity.hpp(137): warning C4305: '*=' : troncation de 'double' à 'float'
c:\workspace\jean\hae_jean_gp2\mt_case  ai (deprecated)\app\entity.hpp(138): warning C4305: '*=' : troncation de 'double' à 'float'
c:\workspace\jean\hae_jean_gp2\mt_case  ai (deprecated)\app\entity.hpp(164): warning C4065: l'instruction switch contient 'default' mais aucune étiquette 'case'
c:\workspace\jean\hae_jean_gp2\mt_case  ai (deprecated)\app\entity.hpp(169): warning C4065: l'instruction switch contient 'default' mais aucune étiquette 'case'
c:\workspace\jean\hae_jean_gp2\mt_case  ai (deprecated)\app\game.cpp(11): warning C4305: '+=' : troncation de 'double' à 'float'
c:\workspace\jean\hae_jean_gp2\mt_case  ai (deprecated)\app\game.cpp(15): warning C4305: '-=' : troncation de 'double' à 'float'
c:\workspace\jean\hae_jean_gp2\mt_case  ai (deprecated)\app\game.cpp(21): warning C4305: '+=' : troncation de 'double' à 'float'
c:\workspace\jean\hae_jean_gp2\mt_case  ai (deprecated)\app\game.cpp(26): warning C4305: '-=' : troncation de 'double' à 'float'
c:\workspace\jean\hae_jean_gp2\mt_case  ai (deprecated)\app\game.cpp(59): warning C4244: 'argument' : conversion de 'int' en 'T', perte possible de données
          with
          [
              T=float
          ]
c:\workspace\jean\hae_jean_gp2\mt_case  ai (deprecated)\app\game.cpp(61): warning C4244: 'argument' : conversion de 'int' en 'float', perte possible de données
  Génération de code en cours...
  App.vcxproj -> C:\WORKSPACE\Jean\hae_Jean_gp2\mt_case  ai (deprecated)\App\Debug\App.exe
